2020-08-06 17:41:46,524 INFO c.s.a.AlertsystemApplication [main] Initializing SafetyNet app
2020-08-06 17:41:46,872 INFO o.s.b.StartupInfoLogger [main] Starting AlertsystemApplication using Java 1.8.0_251 on JCs-MacBook-Pro with PID 40569 (/Users/j.c./git/AlertSystem/alertsystem/target/classes started by j.c. in /Users/j.c./git/AlertSystem/alertsystem)
2020-08-06 17:41:46,875 DEBUG o.s.b.StartupInfoLogger [main] Running with Spring Boot v2.4.0-SNAPSHOT, Spring v5.3.0-SNAPSHOT
2020-08-06 17:41:46,876 INFO o.s.b.SpringApplication [main] No active profile set, falling back to default profiles: default
2020-08-06 17:41:47,577 INFO o.s.b.w.e.t.TomcatWebServer [main] Tomcat initialized with port(s): 8080 (http)
2020-08-06 17:41:47,589 INFO o.a.j.l.DirectJDKLog [main] Initializing ProtocolHandler ["http-nio-8080"]
2020-08-06 17:41:47,590 INFO o.a.j.l.DirectJDKLog [main] Starting service [Tomcat]
2020-08-06 17:41:47,590 INFO o.a.j.l.DirectJDKLog [main] Starting Servlet engine: [Apache Tomcat/9.0.36]
2020-08-06 17:41:47,649 INFO o.a.j.l.DirectJDKLog [main] Initializing Spring embedded WebApplicationContext
2020-08-06 17:41:47,649 INFO o.s.b.w.s.c.ServletWebServerApplicationContext [main] Root WebApplicationContext: initialization completed in 736 ms
2020-08-06 17:41:47,800 INFO o.s.s.c.ExecutorConfigurationSupport [main] Initializing ExecutorService 'applicationTaskExecutor'
2020-08-06 17:41:47,854 INFO o.s.b.a.w.s.WelcomePageHandlerMapping [main] Adding welcome page template: index
2020-08-06 17:41:47,934 INFO o.a.j.l.DirectJDKLog [main] Starting ProtocolHandler ["http-nio-8080"]
2020-08-06 17:41:47,952 WARN o.s.c.s.AbstractApplicationContext [main] Exception encountered during context initialization - cancelling refresh attempt: org.springframework.context.ApplicationContextException: Failed to start bean 'webServerStartStop'; nested exception is org.springframework.boot.web.server.PortInUseException: Port 8080 is already in use
2020-08-06 17:41:47,953 INFO o.s.s.c.ExecutorConfigurationSupport [main] Shutting down ExecutorService 'applicationTaskExecutor'
2020-08-06 17:41:47,956 INFO o.a.j.l.DirectJDKLog [main] Pausing ProtocolHandler ["http-nio-8080"]
2020-08-06 17:41:47,956 INFO o.a.j.l.DirectJDKLog [main] Stopping service [Tomcat]
2020-08-06 17:41:47,961 INFO o.a.j.l.DirectJDKLog [main] Stopping ProtocolHandler ["http-nio-8080"]
2020-08-06 17:41:47,961 INFO o.a.j.l.DirectJDKLog [main] Destroying ProtocolHandler ["http-nio-8080"]
2020-08-06 17:41:47,969 INFO o.s.b.a.l.ConditionEvaluationReportLoggingListener [main] 

Error starting ApplicationContext. To display the conditions report re-run your application with 'debug' enabled.
2020-08-06 17:41:47,973 ERROR o.s.b.d.LoggingFailureAnalysisReporter [main] 

***************************
APPLICATION FAILED TO START
***************************

Description:

Web server failed to start. Port 8080 was already in use.

Action:

Identify and stop the process that's listening on port 8080 or configure this application to listen on another port.

